<?xml version="1.0" encoding="UTF-8"?>
<!-- Generated by org.testng.reporters.JUnitReportReporter -->
<testsuite hostname="hp-PC" failures="0" tests="1" name="AvalonProject.Personalized" time="94.322" errors="0" timestamp="2023-06-03T22:43:12 IST" skipped="0">
  <testcase classname="AvalonProject.Personalized" name="ScriptNN" time="94.322"/>
  <system-out/>
</testsuite> <!-- AvalonProject.Personalized -->
