<?xml version="1.0" encoding="UTF-8"?>
<!-- Generated by org.testng.reporters.JUnitReportReporter -->
<testsuite hostname="hp-PC" failures="0" tests="4" name="datadriventesting.DataDrivenTest" time="17.305" errors="0" timestamp="2023-01-20T09:06:20 IST" skipped="0">
  <testcase classname="datadriventesting.DataDrivenTest" name="loginTest" time="2.200"/>
  <system-out/>
  <testcase classname="datadriventesting.DataDrivenTest" name="loginTest" time="2.183"/>
  <system-out/>
  <testcase classname="datadriventesting.DataDrivenTest" name="loginTest" time="10.757"/>
  <system-out/>
  <testcase classname="datadriventesting.DataDrivenTest" name="loginTest" time="2.165"/>
  <system-out/>
</testsuite> <!-- datadriventesting.DataDrivenTest -->
